[2020-10-22 14:35:02,314][tensorflow][WARNING] - Layer re_co_net_mobile is casting an input tensor from dtype float64 to the layer's dtype of float32, which is new behavior in TensorFlow 2.  The layer has dtype float32 because its dtype defaults to floatx.

If you intended to run this layer in float32, you can safely ignore this warning. If in doubt, this warning is likely only an issue if you are porting a TensorFlow 1.X model to TensorFlow 2.

To change all layers to have dtype float64 by default, call `tf.keras.backend.set_floatx('float64')`. To change just this layer, pass dtype='float64' to the layer constructor. If you are the author of this layer, you can disable autocasting by passing autocast=False to the base Layer constructor.

[2020-10-22 14:35:05,197][tensorflow][WARNING] - Layer vgg16 is casting an input tensor from dtype float64 to the layer's dtype of float32, which is new behavior in TensorFlow 2.  The layer has dtype float32 because its dtype defaults to floatx.

If you intended to run this layer in float32, you can safely ignore this warning. If in doubt, this warning is likely only an issue if you are porting a TensorFlow 1.X model to TensorFlow 2.

To change all layers to have dtype float64 by default, call `tf.keras.backend.set_floatx('float64')`. To change just this layer, pass dtype='float64' to the layer constructor. If you are the author of this layer, you can disable autocasting by passing autocast=False to the base Layer constructor.

[2020-10-22 14:35:05,644][matplotlib.image][WARNING] - Clipping input data to the valid range for imshow with RGB data ([0..1] for floats or [0..255] for integers).
[2020-10-22 14:35:28,240][matplotlib.image][WARNING] - Clipping input data to the valid range for imshow with RGB data ([0..1] for floats or [0..255] for integers).
[2020-10-22 14:35:28,704][matplotlib.image][WARNING] - Clipping input data to the valid range for imshow with RGB data ([0..1] for floats or [0..255] for integers).
[2020-10-22 14:35:29,185][matplotlib.image][WARNING] - Clipping input data to the valid range for imshow with RGB data ([0..1] for floats or [0..255] for integers).
[2020-10-22 14:35:29,677][matplotlib.image][WARNING] - Clipping input data to the valid range for imshow with RGB data ([0..1] for floats or [0..255] for integers).
[2020-10-22 14:35:30,178][matplotlib.image][WARNING] - Clipping input data to the valid range for imshow with RGB data ([0..1] for floats or [0..255] for integers).
[2020-10-22 14:35:30,695][matplotlib.image][WARNING] - Clipping input data to the valid range for imshow with RGB data ([0..1] for floats or [0..255] for integers).
[2020-10-22 14:35:31,226][matplotlib.image][WARNING] - Clipping input data to the valid range for imshow with RGB data ([0..1] for floats or [0..255] for integers).
[2020-10-22 14:35:31,769][matplotlib.image][WARNING] - Clipping input data to the valid range for imshow with RGB data ([0..1] for floats or [0..255] for integers).
[2020-10-22 14:35:32,324][matplotlib.image][WARNING] - Clipping input data to the valid range for imshow with RGB data ([0..1] for floats or [0..255] for integers).
[2020-10-22 14:35:32,894][matplotlib.image][WARNING] - Clipping input data to the valid range for imshow with RGB data ([0..1] for floats or [0..255] for integers).
[2020-10-22 14:35:33,480][matplotlib.image][WARNING] - Clipping input data to the valid range for imshow with RGB data ([0..1] for floats or [0..255] for integers).
[2020-10-22 14:35:34,078][matplotlib.image][WARNING] - Clipping input data to the valid range for imshow with RGB data ([0..1] for floats or [0..255] for integers).
[2020-10-22 14:35:34,685][matplotlib.image][WARNING] - Clipping input data to the valid range for imshow with RGB data ([0..1] for floats or [0..255] for integers).
[2020-10-22 14:35:35,310][matplotlib.image][WARNING] - Clipping input data to the valid range for imshow with RGB data ([0..1] for floats or [0..255] for integers).
[2020-10-22 14:35:35,946][matplotlib.image][WARNING] - Clipping input data to the valid range for imshow with RGB data ([0..1] for floats or [0..255] for integers).
[2020-10-22 14:35:36,593][matplotlib.image][WARNING] - Clipping input data to the valid range for imshow with RGB data ([0..1] for floats or [0..255] for integers).
[2020-10-22 14:35:37,253][matplotlib.image][WARNING] - Clipping input data to the valid range for imshow with RGB data ([0..1] for floats or [0..255] for integers).
[2020-10-22 14:35:37,929][matplotlib.image][WARNING] - Clipping input data to the valid range for imshow with RGB data ([0..1] for floats or [0..255] for integers).
[2020-10-22 14:35:38,617][matplotlib.image][WARNING] - Clipping input data to the valid range for imshow with RGB data ([0..1] for floats or [0..255] for integers).
[2020-10-22 14:35:39,318][matplotlib.image][WARNING] - Clipping input data to the valid range for imshow with RGB data ([0..1] for floats or [0..255] for integers).
[2020-10-22 14:35:40,033][matplotlib.image][WARNING] - Clipping input data to the valid range for imshow with RGB data ([0..1] for floats or [0..255] for integers).
[2020-10-22 14:35:40,760][matplotlib.image][WARNING] - Clipping input data to the valid range for imshow with RGB data ([0..1] for floats or [0..255] for integers).
[2020-10-22 14:35:41,500][matplotlib.image][WARNING] - Clipping input data to the valid range for imshow with RGB data ([0..1] for floats or [0..255] for integers).
[2020-10-22 14:35:42,254][matplotlib.image][WARNING] - Clipping input data to the valid range for imshow with RGB data ([0..1] for floats or [0..255] for integers).
[2020-10-22 14:35:43,017][matplotlib.image][WARNING] - Clipping input data to the valid range for imshow with RGB data ([0..1] for floats or [0..255] for integers).
[2020-10-22 14:35:43,794][matplotlib.image][WARNING] - Clipping input data to the valid range for imshow with RGB data ([0..1] for floats or [0..255] for integers).
[2020-10-22 14:35:44,588][matplotlib.image][WARNING] - Clipping input data to the valid range for imshow with RGB data ([0..1] for floats or [0..255] for integers).
[2020-10-22 14:35:45,394][matplotlib.image][WARNING] - Clipping input data to the valid range for imshow with RGB data ([0..1] for floats or [0..255] for integers).
[2020-10-22 14:35:46,213][matplotlib.image][WARNING] - Clipping input data to the valid range for imshow with RGB data ([0..1] for floats or [0..255] for integers).
[2020-10-22 14:35:47,046][matplotlib.image][WARNING] - Clipping input data to the valid range for imshow with RGB data ([0..1] for floats or [0..255] for integers).
[2020-10-22 14:35:47,893][matplotlib.image][WARNING] - Clipping input data to the valid range for imshow with RGB data ([0..1] for floats or [0..255] for integers).
[2020-10-22 14:35:48,752][matplotlib.image][WARNING] - Clipping input data to the valid range for imshow with RGB data ([0..1] for floats or [0..255] for integers).
[2020-10-22 14:35:49,626][matplotlib.image][WARNING] - Clipping input data to the valid range for imshow with RGB data ([0..1] for floats or [0..255] for integers).
[2020-10-22 14:35:50,515][matplotlib.image][WARNING] - Clipping input data to the valid range for imshow with RGB data ([0..1] for floats or [0..255] for integers).
[2020-10-22 14:35:51,415][matplotlib.image][WARNING] - Clipping input data to the valid range for imshow with RGB data ([0..1] for floats or [0..255] for integers).
[2020-10-22 14:35:52,330][matplotlib.image][WARNING] - Clipping input data to the valid range for imshow with RGB data ([0..1] for floats or [0..255] for integers).
[2020-10-22 14:35:53,254][matplotlib.image][WARNING] - Clipping input data to the valid range for imshow with RGB data ([0..1] for floats or [0..255] for integers).
[2020-10-22 14:35:54,193][matplotlib.image][WARNING] - Clipping input data to the valid range for imshow with RGB data ([0..1] for floats or [0..255] for integers).
[2020-10-22 14:35:55,145][matplotlib.image][WARNING] - Clipping input data to the valid range for imshow with RGB data ([0..1] for floats or [0..255] for integers).
[2020-10-22 14:35:56,110][matplotlib.image][WARNING] - Clipping input data to the valid range for imshow with RGB data ([0..1] for floats or [0..255] for integers).
[2020-10-22 14:35:57,087][matplotlib.image][WARNING] - Clipping input data to the valid range for imshow with RGB data ([0..1] for floats or [0..255] for integers).
